
arch/arm/mach-sunxi/power/brom/resumes.elf:     file format elf32-littlearm


Disassembly of section .text:

00000000 <resume_head>:
   0:	ea00000a 	b	30 <_start>
   4:	4e4f4765 	cdpmi	7, 4, cr4, cr15, cr5, {3}
   8:	3054422e 	subscc	r4, r4, lr, lsr #4
   c:	5f0a6c39 	svcpl	0x000a6c39
  10:	00000400 	andeq	r0, r0, r0, lsl #8
  14:	00000030 	andeq	r0, r0, r0, lsr r0
  18:	30303131 	eorscc	r3, r0, r1, lsr r1
  1c:	30333231 	eorscc	r3, r3, r1, lsr r2
  20:	30333231 	eorscc	r3, r3, r1, lsr r2
  24:	30303131 	eorscc	r3, r0, r1, lsr r1
	...

00000030 <_start>:
  30:	e10f0000 	mrs	r0, CPSR
  34:	e3c0001f 	bic	r0, r0, #31
  38:	e3800013 	orr	r0, r0, #19
  3c:	e38000c0 	orr	r0, r0, #192	; 0xc0
  40:	e3c00c02 	bic	r0, r0, #512	; 0x200
  44:	e121f000 	msr	CPSR_c, r0
  48:	ee110f10 	mrc	15, 0, r0, cr1, cr0, {0}
  4c:	e3c00005 	bic	r0, r0, #5
  50:	e3c00b06 	bic	r0, r0, #6144	; 0x1800
  54:	e3c00002 	bic	r0, r0, #2
  58:	ee010f10 	mcr	15, 0, r0, cr1, cr0, {0}
  5c:	f57ff04f 	dsb	sy
  60:	f57ff06f 	isb	sy
  64:	e59f0068 	ldr	r0, [pc, #104]	; d4 <cpu_brom_addr+0x8>
  68:	e5901000 	ldr	r1, [r0]
  6c:	e3811902 	orr	r1, r1, #32768	; 0x8000
  70:	e5801000 	str	r1, [r0]
  74:	e5901000 	ldr	r1, [r0]
  78:	e1a02821 	lsr	r2, r1, #16
  7c:	e3a03d5a 	mov	r3, #5760	; 0x1680
  80:	e1520003 	cmp	r2, r3
  84:	0a000004 	beq	9c <config_80>

00000088 <config_50>:
  88:	e59f0048 	ldr	r0, [pc, #72]	; d8 <cpu_brom_addr+0xc>
  8c:	e5901000 	ldr	r1, [r0]
  90:	e3811b06 	orr	r1, r1, #6144	; 0x1800
  94:	e5801000 	str	r1, [r0]
  98:	ea000003 	b	ac <config_end>

0000009c <config_80>:
  9c:	e59f0034 	ldr	r0, [pc, #52]	; d8 <cpu_brom_addr+0xc>
  a0:	e5901000 	ldr	r1, [r0]
  a4:	e38110c0 	orr	r1, r1, #192	; 0xc0
  a8:	e5801000 	str	r1, [r0]

000000ac <config_end>:
  ac:	f57ff04f 	dsb	sy
  b0:	f57ff06f 	isb	sy
  b4:	e3a00000 	mov	r0, #0
  b8:	e5901000 	ldr	r1, [r0]
  bc:	f57ff05f 	dmb	sy
  c0:	e12fff11 	bx	r1
  c4:	eafffffe 	b	c4 <config_end+0x18>
  c8:	00000004 	andeq	r0, r0, r4

000000cc <cpu_brom_addr>:
	...
  d4:	01c00024 	biceq	r0, r0, r4, lsr #32
  d8:	01c00044 	biceq	r0, r0, r4, asr #32

Disassembly of section .debug_info:

00000000 <.debug_info>:
   0:	0000013d 	andeq	r0, r0, sp, lsr r1
   4:	00000002 	andeq	r0, r0, r2
   8:	01040000 	mrseq	r0, (UNDEF: 4)
   c:	000000e9 	andeq	r0, r0, r9, ror #1
  10:	00008901 	andeq	r8, r0, r1, lsl #18
  14:	00000600 	andeq	r0, r0, r0, lsl #12
  18:	0000dc00 	andeq	sp, r0, r0, lsl #24
  1c:	0000dc00 	andeq	sp, r0, r0, lsl #24
  20:	00000000 	andeq	r0, r0, r0
  24:	06010200 	streq	r0, [r1], -r0, lsl #4
  28:	000000d7 	ldrdeq	r0, [r0], -r7
  2c:	00012803 	andeq	r2, r1, r3, lsl #16
  30:	37270100 	strcc	r0, [r7, -r0, lsl #2]!
  34:	02000000 	andeq	r0, r0, #0
  38:	00d50801 	sbcseq	r0, r5, r1, lsl #16
  3c:	02020000 	andeq	r0, r2, #0
  40:	00013605 	andeq	r3, r1, r5, lsl #12
  44:	07020200 	streq	r0, [r2, -r0, lsl #4]
  48:	00000115 	andeq	r0, r0, r5, lsl r1
  4c:	69050404 	stmdbvs	r5, {r2, sl}
  50:	0300746e 	movweq	r7, #1134	; 0x46e
  54:	00000000 	andeq	r0, r0, r0
  58:	005e2b01 	subseq	r2, lr, r1, lsl #22
  5c:	04020000 	streq	r0, [r2], #-0
  60:	00011b07 	andeq	r1, r1, r7, lsl #22
  64:	00410500 	subeq	r0, r1, r0, lsl #10
  68:	01300000 	teqeq	r0, r0
  6c:	0000fe3e 	andeq	pc, r0, lr, lsr lr	; <UNPREDICTABLE>
  70:	00b60600 	adcseq	r0, r6, r0, lsl #12
  74:	40010000 	andmi	r0, r1, r0
  78:	00000053 	andeq	r0, r0, r3, asr r0
  7c:	06002302 	streq	r2, [r0], -r2, lsl #6
  80:	000000e3 	andeq	r0, r0, r3, ror #1
  84:	00fe4101 	rscseq	r4, lr, r1, lsl #2
  88:	23020000 	movwcs	r0, #8192	; 0x2000
  8c:	010b0604 	tsteq	fp, r4, lsl #12
  90:	42010000 	andmi	r0, r1, #0
  94:	00000053 	andeq	r0, r0, r3, asr r0
  98:	060c2302 	streq	r2, [ip], -r2, lsl #6
  9c:	00000061 	andeq	r0, r0, r1, rrx
  a0:	00534301 	subseq	r4, r3, r1, lsl #6
  a4:	23020000 	movwcs	r0, #8192	; 0x2000
  a8:	00c70610 	sbceq	r0, r7, r0, lsl r6
  ac:	44010000 	strmi	r0, [r1], #-0
  b0:	00000053 	andeq	r0, r0, r3, asr r0
  b4:	06142302 	ldreq	r2, [r4], -r2, lsl #6
  b8:	00000068 	andeq	r0, r0, r8, rrx
  bc:	010e4501 	tsteq	lr, r1, lsl #10
  c0:	23020000 	movwcs	r0, #8192	; 0x2000
  c4:	00530618 	subseq	r0, r3, r8, lsl r6
  c8:	46010000 	strmi	r0, [r1], -r0
  cc:	0000010e 	andeq	r0, r0, lr, lsl #2
  d0:	061c2302 	ldreq	r2, [ip], -r2, lsl #6
  d4:	0000007e 	andeq	r0, r0, lr, ror r0
  d8:	010e4701 	tsteq	lr, r1, lsl #14
  dc:	23020000 	movwcs	r0, #8192	; 0x2000
  e0:	00750620 	rsbseq	r0, r5, r0, lsr #12
  e4:	48010000 	stmdami	r1, {}	; <UNPREDICTABLE>
  e8:	0000010e 	andeq	r0, r0, lr, lsl #2
  ec:	06242302 	strteq	r2, [r4], -r2, lsl #6
  f0:	0000012d 	andeq	r0, r0, sp, lsr #2
  f4:	00fe4901 	rscseq	r4, lr, r1, lsl #18
  f8:	23020000 	movwcs	r0, #8192	; 0x2000
  fc:	2c070028 	stccs	0, cr0, [r7], {40}	; 0x28
 100:	0e000000 	cdpeq	0, 0, cr0, cr0, cr0, {0}
 104:	08000001 	stmdaeq	r0, {r0}
 108:	0000005e 	andeq	r0, r0, lr, asr r0
 10c:	2c070007 	stccs	0, cr0, [r7], {7}
 110:	1e000000 	cdpne	0, 0, cr0, cr0, cr0, {0}
 114:	08000001 	stmdaeq	r0, {r0}
 118:	0000005e 	andeq	r0, r0, lr, asr r0
 11c:	4c030003 	stcmi	0, cr0, [r3], {3}
 120:	01000001 	tsteq	r0, r1
 124:	0000654a 	andeq	r6, r0, sl, asr #10
 128:	01400900 	cmpeq	r0, r0, lsl #18
 12c:	25020000 	strcs	r0, [r2, #-0]
 130:	0000013b 	andeq	r0, r0, fp, lsr r1
 134:	00030501 	andeq	r0, r3, r1, lsl #10
 138:	0a000000 	beq	140 <__bss_end+0x64>
 13c:	0000011e 	andeq	r0, r0, lr, lsl r1
 140:	00008600 	andeq	r8, r0, r0, lsl #12
 144:	7f000200 	svcvc	0x00000200
 148:	04000000 	streq	r0, [r0], #-0
 14c:	00007b01 	andeq	r7, r0, r1, lsl #22
 150:	00003000 	andeq	r3, r0, r0
 154:	0000dc00 	andeq	sp, r0, r0, lsl #24
 158:	63726100 	cmnvs	r2, #0
 15c:	72612f68 	rsbvc	r2, r1, #416	; 0x1a0
 160:	616d2f6d 	cmnvs	sp, sp, ror #30
 164:	732d6863 	teqvc	sp, #6488064	; 0x630000
 168:	69786e75 	ldmdbvs	r8!, {r0, r2, r4, r5, r6, r9, sl, fp, sp, lr}^
 16c:	776f702f 	strbvc	r7, [pc, -pc, lsr #32]!
 170:	622f7265 	eorvs	r7, pc, #1342177286	; 0x50000006
 174:	2f6d6f72 	svccs	0x006d6f72
 178:	75736572 	ldrbvc	r6, [r3, #-1394]!	; 0x572
 17c:	2e73656d 	cdpcs	5, 7, cr6, cr3, cr13, {3}
 180:	682f0053 	stmdavs	pc!, {r0, r1, r4, r6}	; <UNPREDICTABLE>
 184:	2f656d6f 	svccs	0x00656d6f
 188:	6e617568 	cdpvs	5, 6, cr7, cr1, cr8, {3}
 18c:	2f757967 	svccs	0x00757967
 190:	6b726f77 	blvs	1c9bf74 <__bss_end+0x1c9be98>
 194:	63617073 	cmnvs	r1, #115	; 0x73
 198:	726f2f65 	rsbvc	r2, pc, #404	; 0x194
 19c:	65676e61 	strbvs	r6, [r7, #-3681]!	; 0xe61
 1a0:	4f2f6970 	svcmi	0x002f6970
 1a4:	676e6172 			; <UNDEFINED> instruction: 0x676e6172
 1a8:	2d495065 	stclcs	0, cr5, [r9, #-404]	; 0xfffffe6c
 1ac:	6e72654b 	cdpvs	5, 7, cr6, cr2, cr11, {2}
 1b0:	6c2f6c65 	stcvs	12, cr6, [pc], #-404	; 24 <__resumes_start+0x24>
 1b4:	78756e69 	ldmdavc	r5!, {r0, r3, r5, r6, r9, sl, fp, sp, lr}^
 1b8:	342e332d 	strtcc	r3, [lr], #-813	; 0x32d
 1bc:	554e4700 	strbpl	r4, [lr, #-1792]	; 0x700
 1c0:	20534120 	subscs	r4, r3, r0, lsr #2
 1c4:	32322e32 	eorscc	r2, r2, #800	; 0x320
 1c8:	Address 0x000001c8 is out of bounds.


Disassembly of section .debug_abbrev:

00000000 <.debug_abbrev>:
   0:	25011101 	strcs	r1, [r1, #-257]	; 0x101
   4:	030b130e 	movweq	r1, #45838	; 0xb30e
   8:	110e1b0e 	tstne	lr, lr, lsl #22
   c:	10011201 	andne	r1, r1, r1, lsl #4
  10:	02000006 	andeq	r0, r0, #6
  14:	0b0b0024 	bleq	2c00ac <__bss_end+0x2bffd0>
  18:	0e030b3e 	vmoveq.16	d3[0], r0
  1c:	16030000 	strne	r0, [r3], -r0
  20:	3a0e0300 	bcc	380c28 <__bss_end+0x380b4c>
  24:	490b3b0b 	stmdbmi	fp, {r0, r1, r3, r8, r9, fp, ip, sp}
  28:	04000013 	streq	r0, [r0], #-19
  2c:	0b0b0024 	bleq	2c00c4 <__bss_end+0x2bffe8>
  30:	08030b3e 	stmdaeq	r3, {r1, r2, r3, r4, r5, r8, r9, fp}
  34:	13050000 	movwne	r0, #20480	; 0x5000
  38:	0b0e0301 	bleq	380c44 <__bss_end+0x380b68>
  3c:	3b0b3a0b 	blcc	2ce870 <__bss_end+0x2ce794>
  40:	0013010b 	andseq	r0, r3, fp, lsl #2
  44:	000d0600 	andeq	r0, sp, r0, lsl #12
  48:	0b3a0e03 	bleq	e8385c <__bss_end+0xe83780>
  4c:	13490b3b 	movtne	r0, #39739	; 0x9b3b
  50:	00000a38 	andeq	r0, r0, r8, lsr sl
  54:	49010107 	stmdbmi	r1, {r0, r1, r2, r8}
  58:	00130113 	andseq	r0, r3, r3, lsl r1
  5c:	00210800 	eoreq	r0, r1, r0, lsl #16
  60:	0b2f1349 	bleq	bc4d8c <__bss_end+0xbc4cb0>
  64:	34090000 	strcc	r0, [r9], #-0
  68:	3a0e0300 	bcc	380c70 <__bss_end+0x380b94>
  6c:	490b3b0b 	stmdbmi	fp, {r0, r1, r3, r8, r9, fp, ip, sp}
  70:	020c3f13 	andeq	r3, ip, #76	; 0x4c
  74:	0a00000a 	beq	a4 <config_80+0x8>
  78:	13490026 	movtne	r0, #36902	; 0x9026
  7c:	01000000 	mrseq	r0, (UNDEF: 0)
  80:	06100011 			; <UNDEFINED> instruction: 0x06100011
  84:	01120111 	tsteq	r2, r1, lsl r1
  88:	081b0803 	ldmdaeq	fp, {r0, r1, fp}
  8c:	05130825 	ldreq	r0, [r3, #-2085]	; 0x825
  90:	Address 0x00000090 is out of bounds.


Disassembly of section .debug_line:

00000000 <.debug_line>:
   0:	00000077 	andeq	r0, r0, r7, ror r0
   4:	00710002 	rsbseq	r0, r1, r2
   8:	01020000 	mrseq	r0, (UNDEF: 2)
   c:	000d0efb 	strdeq	r0, [sp], -fp
  10:	01010101 	tsteq	r1, r1, lsl #2
  14:	01000000 	mrseq	r0, (UNDEF: 0)
  18:	61010000 	mrsvs	r0, (UNDEF: 1)
  1c:	2f686372 	svccs	0x00686372
  20:	2f6d7261 	svccs	0x006d7261
  24:	6863616d 	stmdavs	r3!, {r0, r2, r3, r5, r6, r8, sp, lr}^
  28:	6e75732d 	cdpvs	3, 7, cr7, cr5, cr13, {1}
  2c:	702f6978 	eorvc	r6, pc, r8, ror r9	; <UNPREDICTABLE>
  30:	7265776f 	rsbvc	r7, r5, #29097984	; 0x1bc0000
  34:	6f72622f 	svcvs	0x0072622f
  38:	002e2f6d 	eoreq	r2, lr, sp, ror #30
  3c:	68637261 	stmdavs	r3!, {r0, r5, r6, r9, ip, sp, lr}^
  40:	6d72612f 	ldfvse	f6, [r2, #-188]!	; 0xffffff44
  44:	63616d2f 	cmnvs	r1, #3008	; 0xbc0
  48:	75732d68 	ldrbvc	r2, [r3, #-3432]!	; 0xd68
  4c:	2f69786e 	svccs	0x0069786e
  50:	65776f70 	ldrbvs	r6, [r7, #-3952]!	; 0xf70
  54:	72622f72 	rsbvc	r2, r2, #456	; 0x1c8
  58:	00006d6f 	andeq	r6, r0, pc, ror #26
  5c:	75736572 	ldrbvc	r6, [r3, #-1394]!	; 0x572
  60:	2e73656d 	cdpcs	5, 7, cr6, cr3, cr13, {3}
  64:	00010068 	andeq	r0, r1, r8, rrx
  68:	73657200 	cmnvc	r5, #0
  6c:	5f656d75 	svcpl	0x00656d75
  70:	64616568 	strbtvs	r6, [r1], #-1384	; 0x568
  74:	0200632e 	andeq	r6, r0, #-1207959552	; 0xb8000000
  78:	86000000 	strhi	r0, [r0], -r0
  7c:	02000000 	andeq	r0, r0, #0
  80:	00003f00 	andeq	r3, r0, r0, lsl #30
  84:	fb010200 	blx	4088e <__bss_end+0x407b2>
  88:	01000d0e 	tsteq	r0, lr, lsl #26
  8c:	00010101 	andeq	r0, r1, r1, lsl #2
  90:	00010000 	andeq	r0, r1, r0
  94:	72610100 	rsbvc	r0, r1, #0
  98:	612f6863 	teqvs	pc, r3, ror #16
  9c:	6d2f6d72 	stcvs	13, cr6, [pc, #-456]!	; fffffedc <__bss_end+0xfffffe00>
  a0:	2d686361 	stclcs	3, cr6, [r8, #-388]!	; 0xfffffe7c
  a4:	786e7573 	stmdavc	lr!, {r0, r1, r4, r5, r6, r8, sl, ip, sp, lr}^
  a8:	6f702f69 	svcvs	0x00702f69
  ac:	2f726577 	svccs	0x00726577
  b0:	6d6f7262 	sfmvs	f7, 2, [pc, #-392]!	; ffffff30 <__bss_end+0xfffffe54>
  b4:	65720000 	ldrbvs	r0, [r2, #-0]!
  b8:	656d7573 	strbvs	r7, [sp, #-1395]!	; 0x573
  bc:	00532e73 	subseq	r2, r3, r3, ror lr
  c0:	00000001 	andeq	r0, r0, r1
  c4:	30020500 	andcc	r0, r2, r0, lsl #10
  c8:	03000000 	movweq	r0, #0
  cc:	2f0100c9 	svccs	0x000100c9
  d0:	2f2f2f2f 	svccs	0x002f2f2f
  d4:	2f2f2f33 	svccs	0x002f2f33
  d8:	032f302f 	teqeq	pc, #47	; 0x2f
  dc:	302f2e21 	eorcc	r2, pc, r1, lsr #28
  e0:	2f2f302f 	svccs	0x002f302f
  e4:	2f322f2f 	svccs	0x00322f2f
  e8:	322f2f2f 	eorcc	r2, pc, #188	; 0xbc
  ec:	032f2f2f 	teqeq	pc, #188	; 0xbc
  f0:	032f2e0c 	teqeq	pc, #192	; 0xc0
  f4:	2f2f2e0f 	svccs	0x002f2e0f
  f8:	4603302f 	strmi	r3, [r3], -pc, lsr #32
  fc:	2e0e0382 	cdpcs	3, 0, cr0, cr14, cr2, {4}
 100:	01000202 	tsteq	r0, r2, lsl #4
 104:	Address 0x00000104 is out of bounds.


Disassembly of section .debug_str:

00000000 <.debug_str>:
   0:	33755f5f 	cmncc	r5, #380	; 0x17c
   4:	682f0032 	stmdavs	pc!, {r1, r4, r5}	; <UNPREDICTABLE>
   8:	2f656d6f 	svccs	0x00656d6f
   c:	6e617568 	cdpvs	5, 6, cr7, cr1, cr8, {3}
  10:	2f757967 	svccs	0x00757967
  14:	6b726f77 	blvs	1c9bdf8 <__bss_end+0x1c9bd1c>
  18:	63617073 	cmnvs	r1, #115	; 0x73
  1c:	726f2f65 	rsbvc	r2, pc, #404	; 0x194
  20:	65676e61 	strbvs	r6, [r7, #-3681]!	; 0xe61
  24:	4f2f6970 	svcmi	0x002f6970
  28:	676e6172 			; <UNDEFINED> instruction: 0x676e6172
  2c:	2d495065 	stclcs	0, cr5, [r9, #-404]	; 0xfffffe6c
  30:	6e72654b 	cdpvs	5, 7, cr6, cr2, cr11, {2}
  34:	6c2f6c65 	stcvs	12, cr6, [pc], #-404	; fffffea8 <__bss_end+0xfffffdcc>
  38:	78756e69 	ldmdavc	r5!, {r0, r3, r5, r6, r9, sl, fp, sp, lr}^
  3c:	342e332d 	strtcc	r3, [lr], #-813	; 0x32d
  40:	65525f00 	ldrbvs	r5, [r2, #-3840]	; 0xf00
  44:	656d7573 	strbvs	r7, [sp, #-1395]!	; 0x573
  48:	6c69665f 	stclvs	6, cr6, [r9], #-380	; 0xfffffe84
  4c:	65685f65 	strbvs	r5, [r8, #-3941]!	; 0xf65
  50:	66006461 	strvs	r6, [r0], -r1, ror #8
  54:	5f656c69 	svcpl	0x00656c69
  58:	64616568 	strbtvs	r6, [r1], #-1384	; 0x568
  5c:	6e73765f 	mrcvs	6, 3, r7, cr3, cr15, {2}
  60:	6e656c00 	cdpvs	12, 6, cr6, cr5, cr0, {0}
  64:	00687467 	rsbeq	r7, r8, r7, ror #8
  68:	5f627570 	svcpl	0x00627570
  6c:	64616568 	strbtvs	r6, [r1], #-1384	; 0x568
  70:	6e73765f 	mrcvs	6, 3, r7, cr3, cr15, {2}
  74:	4f476500 	svcmi	0x00476500
  78:	73765f4e 	cmnvc	r6, #312	; 0x138
  7c:	6552006e 	ldrbvs	r0, [r2, #-110]	; 0x6e
  80:	656d7573 	strbvs	r7, [sp, #-1395]!	; 0x573
  84:	6e73765f 	mrcvs	6, 3, r7, cr3, cr15, {2}
  88:	63726100 	cmnvs	r2, #0
  8c:	72612f68 	rsbvc	r2, r1, #416	; 0x1a0
  90:	616d2f6d 	cmnvs	sp, sp, ror #30
  94:	732d6863 	teqvc	sp, #6488064	; 0x630000
  98:	69786e75 	ldmdbvs	r8!, {r0, r2, r4, r5, r6, r9, sl, fp, sp, lr}^
  9c:	776f702f 	strbvc	r7, [pc, -pc, lsr #32]!
  a0:	622f7265 	eorvs	r7, pc, #1342177286	; 0x50000006
  a4:	2f6d6f72 	svccs	0x006d6f72
  a8:	75736572 	ldrbvc	r6, [r3, #-1394]!	; 0x572
  ac:	685f656d 	ldmdavs	pc, {r0, r2, r3, r5, r6, r8, sl, sp, lr}^	; <UNPREDICTABLE>
  b0:	2e646165 	powcssz	f6, f4, f5
  b4:	756a0063 	strbvc	r0, [sl, #-99]!	; 0x63
  b8:	695f706d 	ldmdbvs	pc, {r0, r2, r3, r5, r6, ip, sp, lr}^	; <UNPREDICTABLE>
  bc:	7274736e 	rsbsvc	r7, r4, #-1207959551	; 0xb8000001
  c0:	69746375 	ldmdbvs	r4!, {r0, r2, r4, r5, r6, r8, r9, sp, lr}^
  c4:	70006e6f 	andvc	r6, r0, pc, ror #28
  c8:	685f6275 	ldmdavs	pc, {r0, r2, r4, r5, r6, r9, sp, lr}^	; <UNPREDICTABLE>
  cc:	5f646165 	svcpl	0x00646165
  d0:	657a6973 	ldrbvs	r6, [sl, #-2419]!	; 0x973
  d4:	736e7500 	cmnvc	lr, #0
  d8:	656e6769 	strbvs	r6, [lr, #-1897]!	; 0x769
  dc:	68632064 	stmdavs	r3!, {r2, r5, r6, sp}^
  e0:	6d007261 	sfmvs	f7, 4, [r0, #-388]	; 0xfffffe7c
  e4:	63696761 	cmnvs	r9, #25427968	; 0x1840000
  e8:	554e4700 	strbpl	r4, [lr, #-1792]	; 0x700
  ec:	34204320 	strtcc	r4, [r0], #-800	; 0x320
  f0:	332e362e 	teqcc	lr, #48234496	; 0x2e00000
  f4:	31303220 	teqcc	r0, r0, lsr #4
  f8:	30323032 	eorscc	r3, r2, r2, lsr r0
  fc:	70282031 	eorvc	r2, r8, r1, lsr r0
 100:	65726572 	ldrbvs	r6, [r2, #-1394]!	; 0x572
 104:	7361656c 	cmnvc	r1, #452984832	; 0x1b000000
 108:	63002965 	movwvs	r2, #2405	; 0x965
 10c:	6b636568 	blvs	18d96b4 <__bss_end+0x18d95d8>
 110:	6d75735f 	ldclvs	3, cr7, [r5, #-380]!	; 0xfffffe84
 114:	6f687300 	svcvs	0x00687300
 118:	75207472 	strvc	r7, [r0, #-1138]!	; 0x472
 11c:	6769736e 	strbvs	r7, [r9, -lr, ror #6]!
 120:	2064656e 	rsbcs	r6, r4, lr, ror #10
 124:	00746e69 	rsbseq	r6, r4, r9, ror #28
 128:	38755f5f 	ldmdacc	r5!, {r0, r1, r2, r3, r4, r6, r8, r9, sl, fp, ip, lr}^
 12c:	616c7000 	cmnvs	ip, r0
 130:	726f6674 	rsbvc	r6, pc, #121634816	; 0x7400000
 134:	6873006d 	ldmdavs	r3!, {r0, r2, r3, r5, r6}^
 138:	2074726f 	rsbscs	r7, r4, pc, ror #4
 13c:	00746e69 	rsbseq	r6, r4, r9, ror #28
 140:	75736572 	ldrbvc	r6, [r3, #-1394]!	; 0x572
 144:	685f656d 	ldmdavs	pc, {r0, r2, r3, r5, r6, r8, sl, sp, lr}^	; <UNPREDICTABLE>
 148:	00646165 	rsbeq	r6, r4, r5, ror #2
 14c:	75736572 	ldrbvc	r6, [r3, #-1394]!	; 0x572
 150:	665f656d 	ldrbvs	r6, [pc], -sp, ror #10
 154:	5f656c69 	svcpl	0x00656c69
 158:	64616568 	strbtvs	r6, [r1], #-1384	; 0x568
 15c:	Address 0x0000015c is out of bounds.


Disassembly of section .comment:

00000000 <.comment>:
   0:	3a434347 	bcc	10d0d24 <__bss_end+0x10d0c48>
   4:	72632820 	rsbvc	r2, r3, #2097152	; 0x200000
   8:	7473736f 	ldrbtvc	r7, [r3], #-879	; 0x36f
   c:	2d6c6f6f 	stclcs	15, cr6, [ip, #-444]!	; 0xfffffe44
  10:	6c20474e 	stcvs	7, cr4, [r0], #-312	; 0xfffffec8
  14:	72616e69 	rsbvc	r6, r1, #1680	; 0x690
  18:	2e312d6f 	cdpcs	13, 3, cr2, cr1, cr15, {3}
  1c:	312e3331 	teqcc	lr, r1, lsr r3
  20:	3130322d 	teqcc	r0, sp, lsr #4
  24:	32302e32 	eorscc	r2, r0, #800	; 0x320
  28:	3130322d 	teqcc	r0, sp, lsr #4
  2c:	32323032 	eorscc	r3, r2, #50	; 0x32
  30:	202d2032 	eorcs	r2, sp, r2, lsr r0
  34:	616e694c 	cmnvs	lr, ip, asr #18
  38:	47206f72 			; <UNDEFINED> instruction: 0x47206f72
  3c:	32204343 	eorcc	r4, r0, #201326593	; 0xc000001
  40:	2e323130 	mrccs	1, 1, r3, cr2, cr0, {1}
  44:	20293230 	eorcs	r3, r9, r0, lsr r2
  48:	2e362e34 	mrccs	14, 1, r2, cr6, cr4, {1}
  4c:	30322033 	eorscc	r2, r2, r3, lsr r0
  50:	32303231 	eorscc	r3, r0, #268435459	; 0x10000003
  54:	28203130 	stmdacs	r0!, {r4, r5, r8, ip, sp}
  58:	72657270 	rsbvc	r7, r5, #7
  5c:	61656c65 	cmnvs	r5, r5, ror #24
  60:	00296573 	eoreq	r6, r9, r3, ror r5

Disassembly of section .ARM.attributes:

00000000 <.ARM.attributes>:
   0:	00003241 	andeq	r3, r0, r1, asr #4
   4:	61656100 	cmnvs	r5, r0, lsl #2
   8:	01006962 	tsteq	r0, r2, ror #18
   c:	00000028 	andeq	r0, r0, r8, lsr #32
  10:	412d3705 	teqmi	sp, r5, lsl #14
  14:	070a0600 	streq	r0, [sl, -r0, lsl #12]
  18:	09010841 	stmdbeq	r1, {r0, r6, fp}
  1c:	12040a02 	andne	r0, r4, #8192	; 0x2000
  20:	15011404 	strne	r1, [r1, #-1028]	; 0x404
  24:	18031701 	stmdane	r3, {r0, r8, r9, sl, ip}
  28:	1b021a01 	blne	86834 <__bss_end+0x86758>
  2c:	22021e03 	andcs	r1, r2, #48	; 0x30
  30:	Address 0x00000030 is out of bounds.


Disassembly of section .debug_aranges:

00000000 <.debug_aranges>:
   0:	0000001c 	andeq	r0, r0, ip, lsl r0
   4:	01410002 	cmpeq	r1, r2
   8:	00040000 	andeq	r0, r4, r0
   c:	00000000 	andeq	r0, r0, r0
  10:	00000030 	andeq	r0, r0, r0, lsr r0
  14:	000000ac 	andeq	r0, r0, ip, lsr #1
	...
